<?xml version="1.0" encoding="UTF-8"?>
<testng-results ignored="0" total="1" passed="1" failed="0" skipped="0">
  <reporter-output>
  </reporter-output>
  <suite started-at="2022-06-11T16:27:29 IST" name="Default suite" finished-at="2022-06-11T16:27:29 IST" duration-ms="139">
    <groups>
    </groups>
    <test started-at="2022-06-11T16:27:29 IST" name="Default test" finished-at="2022-06-11T16:27:29 IST" duration-ms="139">
      <class name="TestNG.TestNG_Basics">
        <test-method is-config="true" signature="setup()[pri:0, instance:TestNG.TestNG_Basics@7c729a55]" started-at="2022-06-11T16:27:29 IST" name="setup" finished-at="2022-06-11T16:27:29 IST" duration-ms="25" status="PASS">
          <reporter-output>
          </reporter-output>
        </test-method> <!-- setup -->
        <test-method is-config="true" signature="launchBrowser()[pri:0, instance:TestNG.TestNG_Basics@7c729a55]" started-at="2022-06-11T16:27:29 IST" name="launchBrowser" finished-at="2022-06-11T16:27:29 IST" duration-ms="5" status="PASS">
          <reporter-output>
          </reporter-output>
        </test-method> <!-- launchBrowser -->
        <test-method is-config="true" signature="login()[pri:0, instance:TestNG.TestNG_Basics@7c729a55]" started-at="2022-06-11T16:27:29 IST" name="login" finished-at="2022-06-11T16:27:29 IST" duration-ms="1" status="PASS">
          <reporter-output>
          </reporter-output>
        </test-method> <!-- login -->
        <test-method is-config="true" signature="enterURL()[pri:0, instance:TestNG.TestNG_Basics@7c729a55]" started-at="2022-06-11T16:27:29 IST" name="enterURL" finished-at="2022-06-11T16:27:29 IST" duration-ms="0" status="PASS">
          <reporter-output>
          </reporter-output>
        </test-method> <!-- enterURL -->
        <test-method signature="googleTitleTest()[pri:0, instance:TestNG.TestNG_Basics@7c729a55]" started-at="2022-06-11T16:27:29 IST" name="googleTitleTest" finished-at="2022-06-11T16:27:29 IST" duration-ms="22" status="PASS">
          <reporter-output>
          </reporter-output>
        </test-method> <!-- googleTitleTest -->
        <test-method is-config="true" signature="logOut()[pri:0, instance:TestNG.TestNG_Basics@7c729a55]" started-at="2022-06-11T16:27:29 IST" name="logOut" finished-at="2022-06-11T16:27:29 IST" duration-ms="2" status="PASS">
          <reporter-output>
          </reporter-output>
        </test-method> <!-- logOut -->
        <test-method is-config="true" signature="deleteAllCookies()[pri:0, instance:TestNG.TestNG_Basics@7c729a55]" started-at="2022-06-11T16:27:29 IST" name="deleteAllCookies" finished-at="2022-06-11T16:27:29 IST" duration-ms="1" status="PASS">
          <reporter-output>
          </reporter-output>
        </test-method> <!-- deleteAllCookies -->
        <test-method is-config="true" signature="closeBrowser()[pri:0, instance:TestNG.TestNG_Basics@7c729a55]" started-at="2022-06-11T16:27:29 IST" name="closeBrowser" finished-at="2022-06-11T16:27:29 IST" duration-ms="0" status="PASS">
          <reporter-output>
          </reporter-output>
        </test-method> <!-- closeBrowser -->
        <test-method is-config="true" signature="generateTestReport()[pri:0, instance:TestNG.TestNG_Basics@7c729a55]" started-at="2022-06-11T16:27:29 IST" name="generateTestReport" finished-at="2022-06-11T16:27:29 IST" duration-ms="0" status="PASS">
          <reporter-output>
          </reporter-output>
        </test-method> <!-- generateTestReport -->
      </class> <!-- TestNG.TestNG_Basics -->
    </test> <!-- Default test -->
  </suite> <!-- Default suite -->
</testng-results>
